<?xml version="1.0" encoding="UTF-8" standalone="yes"?><!DOCTYPE report PUBLIC "-//JACOCO//DTD Report 1.0//EN" "report.dtd"><report name="JMXProxy"><sessioninfo id="testing-worker-linux-docker-9e579cdb-3372-linux-16-6a39f53a" start="1465848963552" dump="1465849012956"/><sessioninfo id="testing-worker-linux-docker-9e579cdb-3372-linux-16-9e25fbe7" start="1465849013530" dump="1465849019810"/><sessioninfo id="testing-worker-linux-docker-9e579cdb-3372-linux-16-527aee4b" start="1465849020389" dump="1465849021189"/><sessioninfo id="testing-worker-linux-docker-9e579cdb-3372-linux-16-55aeda3" start="1465849021806" dump="1465849030712"/><sessioninfo id="testing-worker-linux-docker-9e579cdb-3372-linux-16-a827347f" start="1465849031257" dump="1465849036573"/><sessioninfo id="testing-worker-linux-docker-9e579cdb-3372-linux-16-e50decc6" start="1465849037134" dump="1465849039525"/><sessioninfo id="testing-worker-linux-docker-9e579cdb-3372-linux-16-eb60b02c" start="1465849040090" dump="1465849040908"/><sessioninfo id="testing-worker-linux-docker-9e579cdb-3372-linux-16-6c4d29cc" start="1465849041519" dump="1465849093669"/><sessioninfo id="testing-worker-linux-docker-9e579cdb-3372-linux-16-46aba47b" start="1465849094242" dump="1465849102074"/><sessioninfo id="testing-worker-linux-docker-9e579cdb-3372-linux-16-475f9c49" start="1465849102688" dump="1465849103647"/><sessioninfo id="testing-worker-linux-docker-9e579cdb-3372-linux-16-eaa8c6e1" start="1465849104217" dump="1465849114057"/><sessioninfo id="testing-worker-linux-docker-9e579cdb-3372-linux-16-184b1910" start="1465849114608" dump="1465849121279"/><sessioninfo id="testing-worker-linux-docker-9e579cdb-3372-linux-16-e4a93fe6" start="1465849121858" dump="1465849124638"/><sessioninfo id="testing-worker-linux-docker-9e579cdb-3372-linux-16-5a8a3909" start="1465849125187" dump="1465849126321"/></report>